\BOOKMARK [0][-]{chapter.1}{\376\377\000I\000n\000t\000r\000o\000d\000u\000z\000i\000o\000n\000e}{}% 1
\BOOKMARK [1][-]{subsection.1.0.1}{\376\377\000C\000o\000s\000a\000\040\000\350\000\040\000u\000n\000\040\000p\000l\000a\000s\000m\000a\000?}{chapter.1}% 2
\BOOKMARK [0][-]{chapter.2}{\376\377\000C\000o\000s\000t\000r\000u\000i\000a\000m\000o\000\040\000u\000n\000a\000\040\000t\000e\000o\000r\000i\000a\000\040\000c\000h\000e\000\040\000d\000e\000s\000c\000r\000i\000v\000a\000\040\000u\000n\000\040\000p\000l\000a\000s\000m\000a}{}% 3
\BOOKMARK [1][-]{subsection.2.0.1}{\376\377\000E\000q\000u\000a\000z\000i\000o\000n\000e\000\040\000d\000i\000\040\000c\000o\000n\000t\000i\000n\000u\000i\000t\000\340}{chapter.2}% 4
\BOOKMARK [2][-]{subsection.2.0.2}{\376\377\000E\000q\000u\000a\000z\000i\000o\000n\000i\000\040\000d\000e\000l\000\040\000m\000o\000t\000o\000\040\000\050\000t\000r\000e\000\040\000c\000o\000m\000p\000o\000n\000e\000n\000t\000i\000\051}{subsection.2.0.1}% 5
\BOOKMARK [2][-]{subsection.2.0.3}{\376\377\000E\000q\000u\000a\000z\000i\000o\000n\000e\000\040\000d\000i\000\040\000s\000t\000a\000t\000o}{subsection.2.0.1}% 6
\BOOKMARK [2][-]{subsection.2.0.4}{\376\377\000E\000v\000o\000l\000u\000z\000i\000o\000n\000e\000\040\000d\000e\000l\000l\000'\000e\000l\000e\000m\000e\000n\000t\000o\000\040\000f\000l\000u\000i\000d\000o}{subsection.2.0.1}% 7
\BOOKMARK [2][-]{subsection.2.0.5}{\376\377\000R\000u\000o\000l\000o\000\040\000d\000e\000l\000l\000e\000\040\000c\000o\000l\000l\000i\000s\000i\000o\000n\000i\000\040\000n\000e\000l\000l\000a\000\040\000d\000i\000f\000f\000u\000s\000i\000o\000n\000e\000\040\000d\000e\000l\000\040\000c\000a\000l\000o\000r\000e}{subsection.2.0.1}% 8
\BOOKMARK [2][-]{subsection.2.0.6}{\376\377\000P\000l\000a\000s\000m\000i\000\040\000e\000\040\000r\000e\000g\000i\000m\000e\000\040\000f\000l\000u\000i\000d\000o\000,\000\040\000c\000o\000m\000e\000\040\000t\000r\000a\000t\000t\000a\000r\000l\000i}{subsection.2.0.1}% 9
\BOOKMARK [2][-]{subsection.2.0.7}{\376\377\000S\000c\000h\000e\000r\000m\000a\000t\000u\000r\000a\000\040\000d\000i\000\040\000D\000e\000b\000y\000e}{subsection.2.0.1}% 10
\BOOKMARK [2][-]{subsection.2.0.8}{\376\377\000O\000n\000d\000a\000\040\000e\000.\000m\000.\000\040\000c\000h\000e\000\040\000i\000n\000v\000e\000s\000t\000e\000\040\000u\000n\000\040\000p\000l\000a\000s\000m\000a}{subsection.2.0.1}% 11
\BOOKMARK [2][-]{subsection.2.0.9}{\376\377\000P\000a\000r\000a\000m\000e\000t\000r\000o\000\040\000d\000i\000\040\000p\000l\000a\000s\000m\000a}{subsection.2.0.1}% 12
\BOOKMARK [1][-]{section.2.1}{\376\377\000T\000e\000o\000r\000e\000m\000a\000\040\000d\000i\000\040\000c\000o\000n\000n\000e\000s\000s\000i\000o\000n\000e\000\040\000\050\000c\000o\000n\000s\000e\000r\000v\000a\000z\000i\000o\000n\000e\000\040\000d\000e\000l\000\040\000f\000l\000u\000s\000s\000o\000\051}{chapter.2}% 13
\BOOKMARK [0][-]{chapter.3}{\376\377\000T\000e\000o\000r\000i\000a\000\040\000c\000i\000n\000e\000t\000i\000c\000a\000\040\000e\000d\000\040\000u\000n\000a\000\040\000t\000e\000o\000r\000i\000a\000\040\000a\000\040\000d\000u\000e\000\040\000f\000l\000u\000i\000d\000i}{}% 14
\BOOKMARK [1][-]{subsection.3.0.1}{\376\377\000L\000'\000e\000q\000u\000a\000z\000i\000o\000n\000e\000\040\000d\000i\000\040\000V\000l\000a\000s\000o\000v}{chapter.3}% 15
\BOOKMARK [2][-]{subsection.3.0.2}{\376\377\000D\000a\000\040\000V\000l\000a\000s\000o\000v\000\040\000a\000l\000l\000e\000\040\000e\000q\000u\000a\000z\000i\000o\000n\000i\000\040\000f\000l\000u\000i\000d\000e}{subsection.3.0.1}% 16
\BOOKMARK [2][-]{subsection.3.0.3}{\376\377\000E\000q\000u\000a\000z\000i\000o\000n\000e\000\040\000d\000e\000l\000l\000'\000e\000n\000e\000r\000g\000i\000a}{subsection.3.0.1}% 17
\BOOKMARK [0][-]{chapter.4}{\376\377\000M\000o\000d\000e\000l\000l\000o\000\040\000a\000d\000\040\000u\000n\000\040\000f\000l\000u\000i\000d\000o\000\040\000\050\000M\000a\000g\000n\000e\000t\000o\000i\000d\000r\000o\000d\000i\000n\000a\000m\000i\000c\000a\000\051}{}% 18
\BOOKMARK [1][-]{subsection.4.0.1}{\376\377\000E\000q\000u\000a\000z\000i\000o\000n\000e\000\040\000d\000i\000\040\000c\000o\000n\000t\000i\000n\000u\000i\000t\000\340\000\040\000a\000d\000\040\000u\000n\000\040\000f\000l\000u\000i\000d\000o}{chapter.4}% 19
\BOOKMARK [2][-]{subsection.4.0.2}{\376\377\000E\000q\000u\000a\000z\000i\000o\000n\000e\000\040\000d\000e\000l\000\040\000m\000o\000t\000o\000\040\000a\000d\000\040\000u\000n\000\040\000f\000l\000u\000i\000d\000o}{subsection.4.0.1}% 20
\BOOKMARK [2][-]{subsection.4.0.3}{\376\377\000C\000o\000s\000t\000r\000u\000i\000a\000m\000o\000\040\000l\000a\000\040\000m\000a\000g\000n\000e\000t\000o\000i\000d\000r\000o\000d\000i\000n\000a\000m\000i\000c\000a}{subsection.4.0.1}% 21
\BOOKMARK [2][-]{subsection.4.0.4}{\376\377\000R\000i\000a\000s\000s\000u\000m\000e\000n\000d\000o\000\040\000i\000l\000\040\000f\000r\000a\000m\000e\000w\000o\000r\000k\000\040\000d\000i\000\040\000M\000H\000D\000\040\000i\000d\000e\000a\000l\000e}{subsection.4.0.1}% 22
\BOOKMARK [0][-]{chapter.5}{\376\377\000O\000n\000d\000e\000\040\000n\000e\000i\000\040\000p\000l\000a\000s\000m\000i\000,\000\040\000s\000m\000o\000r\000z\000a\000m\000e\000n\000t\000o\000\040\000d\000i\000\040\000L\000a\000n\000d\000a\000u\000\040\000e\000\040\000r\000i\000c\000o\000n\000n\000e\000s\000s\000i\000o\000n\000e}{}% 23
\BOOKMARK [1][-]{section.5.1}{\376\377\000O\000n\000d\000e\000\040\000i\000o\000n\000-\000a\000c\000u\000s\000t\000i\000c}{chapter.5}% 24
\BOOKMARK [1][-]{section.5.2}{\376\377\000O\000n\000d\000e\000\040\000m\000a\000g\000n\000e\000t\000o\000i\000d\000r\000o\000d\000i\000n\000a\000m\000i\000c\000h\000e}{chapter.5}% 25
\BOOKMARK [2][-]{subsection.5.2.1}{\376\377\000O\000n\000d\000e\000\040\000d\000i\000\040\000A\000l\000f\000v\000\351\000n}{section.5.2}% 26
\BOOKMARK [2][-]{subsection.5.2.2}{\376\377\000O\000n\000d\000e\000\040\000M\000a\000g\000n\000e\000t\000o\000s\000o\000n\000i\000c\000h\000e}{section.5.2}% 27
\BOOKMARK [1][-]{section.5.3}{\376\377\000D\000u\000m\000p\000i\000n\000g\000\040\000d\000i\000\040\000L\000a\000n\000d\000a\000u}{chapter.5}% 28
\BOOKMARK [2][-]{subsection.5.3.1}{\376\377\000i\000n\000t\000r\000a\000p\000p\000o\000l\000a\000m\000e\000n\000t\000o\000\040\000e\000\040\000n\000o\000n\000\040\000l\000i\000n\000e\000a\000r\000i\000t\000\340}{section.5.3}% 29
\BOOKMARK [2][-]{subsection.5.3.2}{\376\377\000T\000r\000a\000s\000f\000o\000r\000m\000a\000t\000a\000\040\000d\000i\000\040\000F\000o\000u\000r\000i\000e\000r\000:\000\040\000r\000i\000c\000e\000r\000c\000a\000\040\000d\000e\000i\000\040\000m\000o\000d\000i\000\040\000n\000o\000r\000m\000a\000l\000i}{section.5.3}% 30
\BOOKMARK [2][-]{subsection.5.3.3}{\376\377\000S\000o\000l\000u\000z\000i\000o\000n\000e\000\040\000c\000o\000n\000\040\000d\000i\000s\000t\000r\000i\000b\000u\000z\000i\000o\000n\000e\000\040\000g\000e\000n\000e\000r\000i\000c\000a}{section.5.3}% 31
\BOOKMARK [2][-]{subsection.5.3.4}{\376\377\000S\000o\000l\000u\000z\000i\000o\000n\000e\000\040\000c\000o\000n\000\040\000m\000a\000x\000w\000e\000l\000l\000i\000a\000n\000a}{section.5.3}% 32
\BOOKMARK [0][-]{chapter.6}{\376\377\000I\000n\000s\000t\000a\000b\000i\000l\000i\000t\000\340\000\040\000e\000\040\000r\000i\000c\000o\000n\000n\000e\000s\000s\000i\000o\000n\000e}{}% 33
\BOOKMARK [1][-]{section.6.1}{\376\377\000R\000i\000c\000o\000n\000n\000e\000s\000s\000i\000o\000n\000e}{chapter.6}% 34
\BOOKMARK [2][-]{subsection.6.1.1}{\376\377\000e\000q\000u\000a\000z\000i\000o\000n\000e\000\040\000d\000i\000\040\000f\000a\000r\000a\000d\000a\000y}{section.6.1}% 35
\BOOKMARK [2][-]{subsection.6.1.2}{\376\377\000e\000q\000u\000a\000z\000i\000o\000n\000e\000\040\000d\000e\000l\000\040\000m\000o\000t\000o\000\040}{section.6.1}% 36
\BOOKMARK [2][-]{subsection.6.1.3}{\376\377\000e\000q\000u\000a\000z\000i\000o\000n\000i\000\040\000M\000H\000D\000\040\000i\000n\000c\000o\000m\000p\000r\000i\000m\000i\000b\000i\000l\000e}{section.6.1}% 37
\BOOKMARK [2][-]{subsection.6.1.4}{\376\377\000i\000p\000o\000t\000e\000s\000i\000\040\000e\000\040\000t\000i\000m\000e\000\040\000o\000r\000d\000e\000r\000i\000n\000g}{section.6.1}% 38
\BOOKMARK [2][-]{subsection.6.1.5}{\376\377\000c\000a\000s\000o\000\040\000p\000a\000r\000t\000i\000c\000o\000l\000a\000r\000e\000\040\000c\000o\000n\000\040\000s\000o\000l\000u\000z\000i\000o\000n\000e\000\040\000a\000n\000a\000l\000i\000t\000i\000c\000a}{section.6.1}% 39
\BOOKMARK [0][-]{chapter.7}{\376\377\000E\000q\000u\000i\000l\000i\000b\000r\000i\000o\000\040\000M\000H\000D}{}% 40
\BOOKMARK [1][-]{subsection.7.0.1}{\376\377\000e\000q\000u\000a\000z\000i\000o\000n\000e\000\040\000d\000e\000l\000l\000a\000\040\000d\000i\000n\000a\000m\000i\000c\000a\000\040\000a\000l\000l\000'\000e\000q\000u\000i\000l\000i\000b\000r\000i\000o}{chapter.7}% 41
\BOOKMARK [2][-]{subsection.7.0.2}{\376\377\000E\000q\000u\000a\000z\000i\000o\000n\000e\000\040\000d\000i\000\040\000F\000a\000r\000a\000d\000a\000y}{subsection.7.0.1}% 42
\BOOKMARK [0][-]{chapter.8}{\376\377\000D\000r\000i\000f\000t\000\040\000-\000\040\000d\000e\000s\000c\000r\000i\000z\000i\000o\000n\000e\000\040\000a\000\040\000s\000i\000n\000g\000o\000l\000a\000\040\000p\000a\000r\000t\000i\000c\000e\000l\000l\000a}{}% 43
\BOOKMARK [1][-]{section.Alph0.1}{\376\377\000S\000e\000m\000i\000n\000a\000r\000i\000o\000\040\000s\000u\000l\000l\000a\000\040\000p\000r\000o\000p\000u\000l\000s\000i\000o\000n\000e\000\040\000s\000p\000a\000z\000i\000a\000l\000e}{chapter.8}% 44
\BOOKMARK [2][-]{subsection.Alph0.1.1}{\376\377\000L\000a\000\040\000"\000R\000o\000c\000k\000e\000t\000\040\000E\000q\000u\000a\000t\000i\000o\000n\000"}{section.Alph0.1}% 45
\BOOKMARK [2][-]{subsection.Alph0.1.2}{\376\377\000I\000\040\000d\000i\000v\000e\000r\000s\000i\000\040\000t\000i\000p\000i\000\040\000d\000i\000\040\000p\000r\000o\000p\000u\000l\000s\000i\000o\000n\000e}{section.Alph0.1}% 46
\BOOKMARK [2][-]{subsection.Alph0.1.3}{\376\377\000F\000o\000n\000d\000a\000m\000e\000n\000t\000i\000\040\000d\000i\000\040\000a\000c\000c\000e\000l\000e\000r\000a\000z\000i\000o\000n\000e\000\040\000a\000l\000\040\000p\000l\000a\000s\000m\000a}{section.Alph0.1}% 47
