\BOOKMARK [1][-]{section.1}{\376\377\000I\000n\000t\000r\000o\000d\000u\000z\000i\000o\000n\000e}{}% 1
\BOOKMARK [2][-]{subsection.1.1}{\376\377\000C\000o\000s\000a\000\040\000\350\000\040\000u\000n\000\040\000p\000l\000a\000s\000m\000a\000?}{section.1}% 2
\BOOKMARK [1][-]{section.2}{\376\377\000C\000o\000s\000t\000r\000u\000i\000a\000m\000o\000\040\000u\000n\000a\000\040\000t\000e\000o\000r\000i\000a\000\040\000c\000h\000e\000\040\000d\000e\000s\000c\000r\000i\000v\000a\000\040\000u\000n\000\040\000p\000l\000a\000s\000m\000a}{}% 3
\BOOKMARK [2][-]{subsection.2.1}{\376\377\000E\000q\000u\000a\000z\000i\000o\000n\000e\000\040\000d\000i\000\040\000c\000o\000n\000t\000i\000n\000u\000i\000t\000\340}{section.2}% 4
\BOOKMARK [2][-]{subsection.2.2}{\376\377\000E\000q\000u\000a\000z\000i\000o\000n\000i\000\040\000d\000e\000l\000\040\000m\000o\000t\000o\000\040\000\050\000t\000r\000e\000\040\000c\000o\000m\000p\000o\000n\000e\000n\000t\000i\000\051}{section.2}% 5
\BOOKMARK [2][-]{subsection.2.3}{\376\377\000E\000q\000u\000a\000z\000i\000o\000n\000e\000\040\000d\000i\000\040\000s\000t\000a\000t\000o}{section.2}% 6
\BOOKMARK [2][-]{subsection.2.4}{\376\377\000L\000i\000n\000e\000a\000r\000i\000z\000z\000a\000z\000i\000o\000n\000e\000\040\000d\000e\000l\000l\000e\000\040\000e\000q\000u\000a\000z\000i\000o\000n\000i}{section.2}% 7
\BOOKMARK [2][-]{subsection.2.5}{\376\377\000E\000v\000o\000l\000u\000z\000i\000o\000n\000e\000\040\000d\000e\000l\000l\000'\000e\000l\000e\000m\000e\000n\000t\000o\000\040\000f\000l\000u\000i\000d\000o}{section.2}% 8
\BOOKMARK [2][-]{subsection.2.6}{\376\377\000R\000u\000o\000l\000o\000\040\000d\000e\000l\000l\000e\000\040\000c\000o\000l\000l\000i\000s\000i\000o\000n\000i\000\040\000n\000e\000l\000l\000a\000\040\000d\000i\000f\000f\000u\000s\000i\000o\000n\000e\000\040\000d\000e\000l\000\040\000c\000a\000l\000o\000r\000e}{section.2}% 9
\BOOKMARK [3][-]{subsubsection.2.6.1}{\376\377\000E\000n\000t\000r\000o\000p\000i\000a}{subsection.2.6}% 10
\BOOKMARK [3][-]{subsubsection.2.6.2}{\376\377\000E\000n\000t\000a\000l\000p\000i\000a}{subsection.2.6}% 11
\BOOKMARK [2][-]{subsection.2.7}{\376\377\000P\000l\000a\000s\000m\000i\000\040\000e\000\040\000r\000e\000g\000i\000m\000e\000\040\000f\000l\000u\000i\000d\000o\000,\000\040\000c\000o\000m\000e\000\040\000t\000r\000a\000t\000t\000a\000r\000l\000i}{section.2}% 12
\BOOKMARK [3][-]{subsubsection.2.7.1}{\376\377\000A\000n\000c\000o\000r\000a\000\040\000s\000u\000l\000l\000a\000\040\000l\000i\000n\000e\000a\000r\000i\000z\000z\000a\000z\000i\000o\000n\000e\000:\000\040\000i\000l\000\040\000c\000o\000m\000p\000o\000r\000t\000a\000m\000e\000n\000t\000o\000\040\000o\000n\000d\000u\000l\000a\000t\000o\000r\000i\000o}{subsection.2.7}% 13
\BOOKMARK [3][-]{subsubsection.2.7.2}{\376\377\000O\000n\000d\000a\000\040\000p\000i\000a\000n\000a\000\040\000a\000r\000m\000o\000n\000i\000c\000a}{subsection.2.7}% 14
\BOOKMARK [3][-]{subsubsection.2.7.3}{\376\377\000O\000n\000d\000e\000\040\000d\000i\000\040\000p\000l\000a\000s\000m\000a}{subsection.2.7}% 15
\BOOKMARK [3][-]{subsubsection.2.7.4}{\376\377\000C\000h\000i\000u\000s\000u\000r\000a\000\040\000P\000l\000a\000s\000m\000a\000\040\000f\000r\000e\000d\000d\000o}{subsection.2.7}% 16
\BOOKMARK [3][-]{subsubsection.2.7.5}{\376\377\000C\000o\000n\000f\000r\000o\000n\000t\000o\000\040\000t\000r\000a\000\040\000i\000p\000o\000t\000e\000s\000i\000\040\000e\000\040\000r\000i\000s\000u\000l\000t\000a\000t\000i\000,\000\040\000v\000e\000r\000i\000f\000i\000c\000a\000\040\000a\000\040\000p\000o\000s\000t\000e\000r\000i\000o\000r\000i\000\040\000d\000e\000l\000\040\000r\000e\000g\000i\000m\000e\000\040\000d\000i\000\040\000p\000l\000a\000s\000m\000a\000\040\000f\000r\000e\000d\000d\000o}{subsection.2.7}% 17
\BOOKMARK [3][-]{subsubsection.2.7.6}{\376\377\000C\000h\000i\000u\000s\000u\000r\000a\000\040\000p\000o\000l\000i\000t\000r\000o\000p\000i\000c\000a}{subsection.2.7}% 18
\BOOKMARK [2][-]{subsection.2.8}{\376\377\000S\000c\000h\000e\000r\000m\000a\000t\000u\000r\000a\000\040\000d\000i\000\040\000D\000e\000b\000y\000e}{section.2}% 19
\BOOKMARK [2][-]{subsection.2.9}{\376\377\000O\000n\000d\000a\000\040\000e\000.\000m\000.\000\040\000c\000h\000e\000\040\000i\000n\000v\000e\000s\000t\000e\000\040\000u\000n\000\040\000p\000l\000a\000s\000m\000a}{section.2}% 20
\BOOKMARK [2][-]{subsection.2.10}{\376\377\000P\000a\000r\000a\000m\000e\000t\000r\000o\000\040\000d\000i\000\040\000p\000l\000a\000s\000m\000a}{section.2}% 21
\BOOKMARK [1][-]{section.3}{\376\377\000T\000e\000o\000r\000e\000m\000a\000\040\000d\000i\000\040\000c\000o\000n\000n\000e\000s\000s\000i\000o\000n\000e\000\040\000\050\000c\000o\000n\000s\000e\000r\000v\000a\000z\000i\000o\000n\000e\000\040\000d\000e\000l\000\040\000f\000l\000u\000s\000s\000o\000\051}{}% 22
\BOOKMARK [1][-]{section.4}{\376\377\000U\000n\000a\000\040\000t\000r\000a\000t\000t\000a\000z\000i\000o\000n\000e\000\040\000s\000t\000a\000t\000i\000s\000t\000i\000c\000a\000\040\000p\000e\000r\000\040\000i\000\040\000p\000l\000a\000s\000m\000i}{}% 23
\BOOKMARK [2][-]{subsection.4.1}{\376\377\000L\000'\000e\000q\000u\000a\000z\000i\000o\000n\000e\000\040\000d\000i\000\040\000V\000l\000a\000s\000o\000v}{section.4}% 24
\BOOKMARK [2][-]{subsection.4.2}{\376\377\000D\000a\000\040\000V\000l\000a\000s\000o\000v\000\040\000a\000l\000l\000e\000\040\000e\000q\000u\000a\000z\000i\000o\000n\000i\000\040\000f\000l\000u\000i\000d\000e}{section.4}% 25
\BOOKMARK [2][-]{subsection.4.3}{\376\377\000E\000q\000u\000a\000z\000i\000o\000n\000e\000\040\000d\000e\000l\000l\000'\000e\000n\000e\000r\000g\000i\000a}{section.4}% 26
\BOOKMARK [1][-]{section.5}{\376\377\000M\000o\000d\000e\000l\000l\000o\000\040\000a\000d\000\040\000u\000n\000\040\000f\000l\000u\000i\000d\000o\000\040\000\050\000M\000a\000g\000n\000e\000t\000o\000i\000d\000r\000o\000d\000i\000n\000a\000m\000i\000c\000a\000\051}{}% 27
\BOOKMARK [2][-]{subsection.5.1}{\376\377\000E\000q\000u\000a\000z\000i\000o\000n\000e\000\040\000d\000i\000\040\000c\000o\000n\000t\000i\000n\000u\000i\000t\000\340\000\040\000a\000d\000\040\000u\000n\000\040\000f\000l\000u\000i\000d\000o}{section.5}% 28
\BOOKMARK [2][-]{subsection.5.2}{\376\377\000E\000q\000u\000a\000z\000i\000o\000n\000e\000\040\000d\000e\000l\000\040\000m\000o\000t\000o\000\040\000a\000d\000\040\000u\000n\000\040\000f\000l\000u\000i\000d\000o}{section.5}% 29
\BOOKMARK [2][-]{subsection.5.3}{\376\377\000L\000e\000g\000g\000e\000\040\000d\000i\000\040\000O\000h\000m\000\040\000g\000e\000n\000e\000r\000a\000l\000i\000z\000z\000a\000t\000a}{section.5}% 30
\BOOKMARK [2][-]{subsection.5.4}{\376\377\000O\000n\000d\000e\000\040\000d\000i\000\040\000A\000l\000f\000v\000\351\000n}{section.5}% 31
\BOOKMARK [2][-]{subsection.5.5}{\376\377\000O\000n\000d\000e\000\040\000M\000a\000g\000n\000e\000t\000o\000s\000o\000n\000i\000c\000h\000e}{section.5}% 32
\BOOKMARK [1][-]{section.6}{\376\377\000R\000i\000c\000o\000n\000n\000e\000s\000s\000i\000o\000n\000e}{}% 33
\BOOKMARK [2][-]{subsection.6.1}{\376\377\000e\000q\000u\000a\000z\000i\000o\000n\000e\000\040\000d\000i\000\040\000f\000a\000r\000a\000d\000a\000y}{section.6}% 34
\BOOKMARK [2][-]{subsection.6.2}{\376\377\000e\000q\000u\000a\000z\000i\000o\000n\000e\000\040\000d\000e\000l\000\040\000m\000o\000t\000o\000\040}{section.6}% 35
\BOOKMARK [2][-]{subsection.6.3}{\376\377\000e\000q\000u\000a\000z\000i\000o\000n\000i\000\040\000M\000H\000D\000\040\000i\000n\000c\000o\000m\000p\000r\000i\000m\000i\000b\000i\000l\000e}{section.6}% 36
\BOOKMARK [2][-]{subsection.6.4}{\376\377\000i\000p\000o\000t\000e\000s\000i\000\040\000e\000\040\000t\000i\000m\000e\000\040\000o\000r\000d\000e\000r\000i\000n\000g}{section.6}% 37
\BOOKMARK [3][-]{subsubsection.6.4.1}{\376\377\000z\000o\000n\000a\000\040\000i\000d\000e\000a\000l\000e\000\040}{subsection.6.4}% 38
\BOOKMARK [3][-]{subsubsection.6.4.2}{\376\377\000z\000o\000n\000a\000\040\000r\000e\000s\000i\000s\000t\000i\000v\000a}{subsection.6.4}% 39
\BOOKMARK [2][-]{subsection.6.5}{\376\377\000c\000a\000s\000o\000\040\000p\000a\000r\000t\000i\000c\000o\000l\000a\000r\000e\000\040\000c\000o\000n\000\040\000s\000o\000l\000u\000z\000i\000o\000n\000e\000\040\000a\000n\000a\000l\000i\000t\000i\000c\000a}{section.6}% 40
\BOOKMARK [1][-]{section.7}{\376\377\000O\000n\000d\000e\000\040\000i\000o\000n\000\040\000a\000c\000u\000s\000t\000i\000c}{}% 41
\BOOKMARK [2][-]{subsection.7.1}{\376\377\000E\000q\000u\000a\000z\000i\000o\000n\000i\000\040\000d\000i\000\040\000b\000a\000s\000e}{section.7}% 42
\BOOKMARK [2][-]{subsection.7.2}{\376\377\000s\000o\000l\000u\000z\000i\000o\000n\000e\000\040\000o\000n\000d\000a\000\040\000p\000i\000a\000n\000a\000\040\000e\000\040\000r\000e\000l\000a\000z\000i\000o\000n\000e\000\040\000d\000i\000\040\000d\000i\000s\000p\000e\000r\000s\000i\000o\000n\000e}{section.7}% 43
\BOOKMARK [1][-]{section.8}{\376\377\000D\000u\000m\000p\000i\000n\000g\000\040\000d\000i\000\040\000L\000a\000n\000d\000a\000u}{}% 44
\BOOKMARK [2][-]{subsection.8.1}{\376\377\000E\000q\000u\000a\000z\000i\000o\000n\000i\000\040\000d\000i\000\040\000p\000a\000r\000t\000e\000n\000z\000a\000\040\000e\000\040\000c\000o\000n\000d\000i\000z\000i\000o\000n\000i}{section.8}% 45
\BOOKMARK [3][-]{subsubsection.8.1.1}{\376\377\000i\000n\000t\000r\000a\000p\000p\000o\000l\000a\000m\000e\000n\000t\000o\000\040\000e\000\040\000n\000o\000n\000\040\000l\000i\000n\000e\000a\000r\000i\000t\000\340}{subsection.8.1}% 46
\BOOKMARK [2][-]{subsection.8.2}{\376\377\000T\000r\000a\000s\000f\000o\000r\000m\000a\000t\000a\000\040\000d\000i\000\040\000f\000o\000u\000r\000i\000e\000r}{section.8}% 47
\BOOKMARK [3][-]{subsubsection.8.2.1}{\376\377\000O\000n\000d\000a\000\040\000d\000i\000\040\000p\000l\000a\000s\000m\000a\000\040\000a\000\040\000i\000o\000n\000i\000\040\000f\000i\000s\000s\000i}{subsection.8.2}% 48
\BOOKMARK [3][-]{subsubsection.8.2.2}{\376\377\000R\000e\000g\000i\000m\000e\000\040\000d\000i\000\040\000p\000r\000o\000p\000a\000g\000a\000z\000i\000o\000n\000e\000\040\000s\000e\000n\000z\000a\000\040\000d\000u\000m\000p\000i\000n\000g}{subsection.8.2}% 49
\BOOKMARK [3][-]{subsubsection.8.2.3}{\376\377\000r\000e\000g\000i\000m\000e\000\040\000c\000o\000n\000\040\000d\000u\000m\000p\000i\000n\000g}{subsection.8.2}% 50
\BOOKMARK [2][-]{subsection.8.3}{\376\377\000S\000o\000l\000u\000z\000i\000o\000n\000e\000\040\000c\000o\000n\000\040\000d\000i\000s\000t\000r\000i\000b\000u\000z\000i\000o\000n\000e\000\040\000g\000e\000n\000e\000r\000i\000c\000a}{section.8}% 51
\BOOKMARK [2][-]{subsection.8.4}{\376\377\000S\000o\000l\000u\000z\000i\000o\000n\000e\000\040\000c\000o\000n\000\040\000m\000a\000x\000w\000e\000l\000l\000i\000a\000n\000a}{section.8}% 52
\BOOKMARK [1][-]{section.9}{\376\377\000E\000q\000u\000i\000l\000i\000b\000r\000i\000o\000\040\000M\000H\000D}{}% 53
\BOOKMARK [2][-]{subsection.9.1}{\376\377\000e\000q\000u\000a\000z\000i\000o\000n\000e\000\040\000d\000e\000l\000l\000a\000\040\000d\000i\000n\000a\000m\000i\000c\000a\000\040\000a\000l\000l\000'\000e\000q\000u\000i\000l\000i\000b\000r\000i\000o}{section.9}% 54
\BOOKMARK [2][-]{subsection.9.2}{\376\377\000E\000q\000u\000a\000z\000i\000o\000n\000e\000\040\000d\000i\000\040\000F\000a\000r\000a\000d\000a\000y}{section.9}% 55
\BOOKMARK [1][-]{section.10}{\376\377\000S\000e\000m\000i\000n\000a\000r\000i\000o\000\040\000s\000u\000i\000\040\000p\000l\000a\000s\000m\000i\000\040\000s\000p\000a\000z\000i\000a\000l\000i}{}% 56
\BOOKMARK [1][-]{section.11}{\376\377\000S\000e\000m\000i\000n\000a\000r\000i\000o\000\040\000s\000u\000l\000l\000a\000\040\000p\000r\000o\000p\000u\000l\000s\000i\000o\000n\000e\000\040\000s\000p\000a\000z\000i\000a\000l\000e}{}% 57
\BOOKMARK [2][-]{subsection.11.1}{\376\377\000L\000a\000\040\000"\000R\000o\000c\000k\000e\000t\000\040\000E\000q\000u\000a\000t\000i\000o\000n\000"}{section.11}% 58
\BOOKMARK [2][-]{subsection.11.2}{\376\377\000I\000\040\000d\000i\000v\000e\000r\000s\000i\000\040\000t\000i\000p\000i\000\040\000d\000i\000\040\000p\000r\000o\000p\000u\000l\000s\000i\000o\000n\000e}{section.11}% 59
\BOOKMARK [2][-]{subsection.11.3}{\376\377\000F\000o\000n\000d\000a\000m\000e\000n\000t\000i\000\040\000d\000i\000\040\000a\000c\000c\000e\000l\000e\000r\000a\000z\000i\000o\000n\000e\000\040\000a\000l\000\040\000p\000l\000a\000s\000m\000a}{section.11}% 60
